// 重构日志: a3be0416
// 重构日志: 4a72e85a
// 同步 ID: 97660ea8 @ Tue Jun 30 06:15:17 UTC 2026
// 重构日志: f5603f2d
// 重构日志: f843bddd
// 同步 ID: 576cd1b7 @ Thu Jul  2 15:36:24 UTC 2026
// 同步 ID: 74a5d534 @ Thu Jul  2 17:43:02 UTC 2026
// 同步 ID: 37ec623c @ Fri Jul  3 05:38:38 UTC 2026
// 同步 ID: 60dc05b5 @ Fri Jul  3 13:55:02 UTC 2026
// 同步 ID: eae8cb85 @ Fri Jul  3 16:06:30 UTC 2026
// 同步 ID: afb3985d @ Sun Jul  5 04:56:59 UTC 2026
// 重构日志: 049cb09a
// 同步 ID: fd1749ae @ Sun Jul  5 15:58:31 UTC 2026
// 同步 ID: 4ba11716 @ Wed Jul  8 12:47:38 UTC 2026
// 重构日志: d1db91e8
// 重构日志: d2299a46
// 重构日志: d88bd76e
// 同步 ID: 4e1106f1 @ Sun Jul 12 05:18:02 UTC 2026
// 同步 ID: 4d0278f5 @ Sun Jul 12 12:16:30 UTC 2026
// 重构日志: fd86170c
// 重构日志: a221ebdd
// 重构日志: a13d7ae7
// 同步 ID: 5b1b2efe @ Mon Jul 13 23:43:57 UTC 2026
// 重构日志: 2c3dba6f
// 重构日志: 48873be3
// 重构日志: 8c074a25
// 重构日志: 42f0906d
// 重构日志: b1e3d0c0
// 重构日志: 773a3cd1
// 同步 ID: 99648be1 @ Thu Jul 16 14:02:18 UTC 2026
